<?xml version="1.0" encoding="UTF-8"?>
<!-- Generated by org.testng.reporters.JUnitReportReporter -->
<testsuite hostname="DESKTOP-O5SVODT" failures="0" tests="5" name="com.hospitalmanagement.patient.services.impl.PatientServicesTest" time="0.105" errors="0" timestamp="2019-08-27T11:01:03 IST" skipped="0">
  <testcase classname="com.hospitalmanagement.patient.services.impl.PatientServicesTest" name="createANewPatientFailProofTest" time="0.058"/>
  <testcase classname="com.hospitalmanagement.patient.services.impl.PatientServicesTest" name="readAllPatientsTest" time="0.015"/>
  <testcase classname="com.hospitalmanagement.patient.services.impl.PatientServicesTest" name="createANewPatientTest" time="0.016"/>
  <testcase classname="com.hospitalmanagement.patient.services.impl.PatientServicesTest" name="updateAnExistingPatientTest" time="0.000"/>
  <testcase classname="com.hospitalmanagement.patient.services.impl.PatientServicesTest" name="deleteAPatient" time="0.016"/>
</testsuite> <!-- com.hospitalmanagement.patient.services.impl.PatientServicesTest -->
