<?xml version="1.0" encoding="UTF-8"?>
<!-- Generated by org.testng.reporters.JUnitReportReporter -->
<testsuite hostname="DESKTOP-O5SVODT" failures="0" tests="4" name="com.hospitalmanagement.patient.dao.impl.PatientDAOTest" time="0.111" errors="0" timestamp="2019-09-06T13:32:02 IST" skipped="0">
  <testcase classname="com.hospitalmanagement.patient.dao.impl.PatientDAOTest" name="updatePatient" time="0.032"/>
  <testcase classname="com.hospitalmanagement.patient.dao.impl.PatientDAOTest" name="createPatientTest" time="0.043"/>
  <testcase classname="com.hospitalmanagement.patient.dao.impl.PatientDAOTest" name="deletePatient" time="0.016"/>
  <testcase classname="com.hospitalmanagement.patient.dao.impl.PatientDAOTest" name="readPatientsTest" time="0.020"/>
</testsuite> <!-- com.hospitalmanagement.patient.dao.impl.PatientDAOTest -->
