<?xml version="1.0" encoding="UTF-8"?>
<!-- Generated by org.testng.reporters.JUnitReportReporter -->
<testsuite hostname="DESKTOP-O5SVODT" failures="0" tests="1" name="com.rahul.hpmgmt.services.impl.PatientServicesTest" time="0.040" errors="0" timestamp="2019-08-26T17:14:46 IST" skipped="0">
  <testcase classname="com.rahul.hpmgmt.services.impl.PatientServicesTest" name="readAllPatientsTest" time="0.040"/>
</testsuite> <!-- com.rahul.hpmgmt.services.impl.PatientServicesTest -->
