<?xml version="1.0" encoding="UTF-8"?>
<!-- Generated by org.testng.reporters.JUnitReportReporter -->
<testsuite hostname="DESKTOP-O5SVODT" failures="0" tests="5" name="com.rahul.hpmgmt.services.impl.PatientServicesTest" time="0.066" errors="0" timestamp="2019-08-27T10:43:09 IST" skipped="0">
  <testcase classname="com.rahul.hpmgmt.services.impl.PatientServicesTest" name="createANewPatientFailProofTest" time="0.051"/>
  <testcase classname="com.rahul.hpmgmt.services.impl.PatientServicesTest" name="readAllPatientsTest" time="0.000"/>
  <testcase classname="com.rahul.hpmgmt.services.impl.PatientServicesTest" name="createANewPatientTest" time="0.015"/>
  <testcase classname="com.rahul.hpmgmt.services.impl.PatientServicesTest" name="updateAnExistingPatientTest" time="0.000"/>
  <testcase classname="com.rahul.hpmgmt.services.impl.PatientServicesTest" name="deleteAPatient" time="0.000"/>
</testsuite> <!-- com.rahul.hpmgmt.services.impl.PatientServicesTest -->
