<?xml version="1.0" encoding="UTF-8"?>
<!-- Generated by org.testng.reporters.JUnitReportReporter -->
<testsuite hostname="DESKTOP-O5SVODT" failures="0" tests="2" name="com.rahul.hpmgmt.services.impl.ExceptionTest" time="0.040" errors="0" timestamp="2019-08-27T10:37:42 IST" skipped="0">
  <testcase classname="com.rahul.hpmgmt.services.impl.ExceptionTest" name="patientWithIdNotFoundExceptionTest" time="0.000"/>
  <testcase classname="com.rahul.hpmgmt.services.impl.ExceptionTest" name="idAlreadyExistsExceptionTest" time="0.040"/>
</testsuite> <!-- com.rahul.hpmgmt.services.impl.ExceptionTest -->
