<?xml version="1.0" encoding="UTF-8"?>
<!-- Generated by org.testng.reporters.JUnitReportReporter -->
<testsuite hostname="DESKTOP-O5SVODT" failures="0" tests="4" name="com.rahul.hpmgmt.services.impl.PatientServicesTest" time="0.057" errors="0" timestamp="2019-08-26T16:26:12 IST" skipped="0">
  <testcase classname="com.rahul.hpmgmt.services.impl.PatientServicesTest" name="deleteAPatient" time="0.005"/>
  <testcase classname="com.rahul.hpmgmt.services.impl.PatientServicesTest" name="createANewPatientTest" time="0.023"/>
  <testcase classname="com.rahul.hpmgmt.services.impl.PatientServicesTest" name="readAllPatientsTest" time="0.004"/>
  <testcase classname="com.rahul.hpmgmt.services.impl.PatientServicesTest" name="updateAnExistingPatientTest" time="0.025"/>
</testsuite> <!-- com.rahul.hpmgmt.services.impl.PatientServicesTest -->
