<?xml version="1.0" encoding="UTF-8"?>
<!-- Generated by org.testng.reporters.JUnitReportReporter -->
<testsuite hostname="DESKTOP-O5SVODT" failures="0" tests="7" name="com.rahul.hpmgmt.services.impl.HelperMethodsTest" time="0.039" errors="0" timestamp="2019-08-26T10:08:04 IST" skipped="0">
  <testcase classname="com.rahul.hpmgmt.services.impl.HelperMethodsTest" name="findIfUserIdExistsTest" time="0.003"/>
  <testcase classname="com.rahul.hpmgmt.services.impl.HelperMethodsTest" name="findIndexOfNotExistingTest" time="0.005"/>
  <testcase classname="com.rahul.hpmgmt.services.impl.HelperMethodsTest" name="findIfUserIdNotExistsTest" time="0.004"/>
  <testcase classname="com.rahul.hpmgmt.services.impl.HelperMethodsTest" name="findNumberOfPatientsForEmptyArrayTest" time="0.004"/>
  <testcase classname="com.rahul.hpmgmt.services.impl.HelperMethodsTest" name="findIndexOfExistingTest" time="0.003"/>
  <testcase classname="com.rahul.hpmgmt.services.impl.HelperMethodsTest" name="findNumberOfPatientsForPartialArrayTest" time="0.011"/>
  <testcase classname="com.rahul.hpmgmt.services.impl.HelperMethodsTest" name="findNumberOfPatientsForFullArrayTest" time="0.009"/>
</testsuite> <!-- com.rahul.hpmgmt.services.impl.HelperMethodsTest -->
