<?xml version="1.0" encoding="UTF-8"?>
<!-- Generated by org.testng.reporters.JUnitReportReporter -->
<testsuite skipped="0" hostname="rahul-linux" name="com.rahul.hpmgmt.services.impl.PatientServicesTest" tests="1" failures="0" timestamp="2019-08-24T23:15:44 IST" time="0.024" errors="0">
  <testcase name="deleteAPatient" time="0.024" classname="com.rahul.hpmgmt.services.impl.PatientServicesTest"/>
</testsuite> <!-- com.rahul.hpmgmt.services.impl.PatientServicesTest -->
