<?xml version="1.0" encoding="UTF-8"?>
<!-- Generated by org.testng.reporters.JUnitReportReporter -->
<testsuite skipped="0" hostname="rahul-linux" name="com.rahul.hpmgmt.services.impl.PatientServicesTest" tests="4" failures="0" timestamp="2019-08-24T23:17:52 IST" time="0.051" errors="0">
  <testcase name="readAllPatientsTest" time="0.016" classname="com.rahul.hpmgmt.services.impl.PatientServicesTest"/>
  <testcase name="deleteAPatient" time="0.004" classname="com.rahul.hpmgmt.services.impl.PatientServicesTest"/>
  <testcase name="createANewPatientTest" time="0.023" classname="com.rahul.hpmgmt.services.impl.PatientServicesTest"/>
  <testcase name="updateAnExistingPatientTest" time="0.008" classname="com.rahul.hpmgmt.services.impl.PatientServicesTest"/>
</testsuite> <!-- com.rahul.hpmgmt.services.impl.PatientServicesTest -->
