<?xml version="1.0" encoding="UTF-8"?>
<!-- Generated by org.testng.reporters.JUnitReportReporter -->
<testsuite hostname="DESKTOP-O5SVODT" failures="0" tests="4" name="com.hospitalmanagement.patient.services.impl.PatientServicesTest" time="0.109" errors="0" timestamp="2019-09-03T09:42:10 IST" skipped="0">
  <testcase classname="com.hospitalmanagement.patient.services.impl.PatientServicesTest" name="updateAnExistingPatientTest" time="0.021"/>
  <testcase classname="com.hospitalmanagement.patient.services.impl.PatientServicesTest" name="createANewPatientTest" time="0.051"/>
  <testcase classname="com.hospitalmanagement.patient.services.impl.PatientServicesTest" name="deleteAPatient" time="0.019"/>
  <testcase classname="com.hospitalmanagement.patient.services.impl.PatientServicesTest" name="readAllPatientsTest" time="0.018"/>
</testsuite> <!-- com.hospitalmanagement.patient.services.impl.PatientServicesTest -->
