<?xml version="1.0" encoding="UTF-8"?>
<!-- Generated by org.testng.reporters.JUnitReportReporter -->
<testsuite skipped="0" hostname="rahul-linux" name="com.rahul.hpmgmt.services.impl.PatientServicesTest" tests="3" failures="0" timestamp="2019-08-24T22:14:14 IST" time="0.022" errors="0">
  <testcase name="readAllPatientsTest" time="0.008" classname="com.rahul.hpmgmt.services.impl.PatientServicesTest"/>
  <testcase name="updateAnExistingPatientTest" time="0.003" classname="com.rahul.hpmgmt.services.impl.PatientServicesTest"/>
  <testcase name="createANewPatientTest" time="0.011" classname="com.rahul.hpmgmt.services.impl.PatientServicesTest"/>
</testsuite> <!-- com.rahul.hpmgmt.services.impl.PatientServicesTest -->
