<?xml version="1.0" encoding="UTF-8"?>
<!-- Generated by org.testng.reporters.JUnitReportReporter -->
<testsuite skipped="0" hostname="rahul-linux" name="com.rahul.hpmgmt.services.impl.HelperMethodsTest" tests="8" failures="0" timestamp="2019-08-24T22:40:09 IST" time="0.038" errors="0">
  <testcase name="findIfUserIdExistsTest" time="0.009" classname="com.rahul.hpmgmt.services.impl.HelperMethodsTest"/>
  <testcase name="findIfUserIdNotExistsTest" time="0.011" classname="com.rahul.hpmgmt.services.impl.HelperMethodsTest"/>
  <testcase name="findNumberOfPatientsForPartialArrayTest" time="0.002" classname="com.rahul.hpmgmt.services.impl.HelperMethodsTest"/>
  <testcase name="findIndexOfNotExistingTest" time="0.002" classname="com.rahul.hpmgmt.services.impl.HelperMethodsTest"/>
  <testcase name="findIndexOfExistingTest" time="0.001" classname="com.rahul.hpmgmt.services.impl.HelperMethodsTest"/>
  <testcase name="findNumberOfPatientsForFullArrayTest" time="0.007" classname="com.rahul.hpmgmt.services.impl.HelperMethodsTest"/>
  <testcase name="findNumberOfPatientsForEmptyArrayTest" time="0.002" classname="com.rahul.hpmgmt.services.impl.HelperMethodsTest"/>
  <testcase name="findNumberOfPatientsForOverFlowArrayTest" time="0.004" classname="com.rahul.hpmgmt.services.impl.HelperMethodsTest"/>
</testsuite> <!-- com.rahul.hpmgmt.services.impl.HelperMethodsTest -->
