<?xml version="1.0" encoding="UTF-8"?>
<!-- Generated by org.testng.reporters.JUnitReportReporter -->
<testsuite hostname="DESKTOP-O5SVODT" failures="0" tests="4" name="com.hospitalmanagement.patient.dao.impl.PatientJSONDAOTest" time="0.074" errors="0" timestamp="2019-09-06T13:51:52 IST" skipped="0">
  <testcase classname="com.hospitalmanagement.patient.dao.impl.PatientJSONDAOTest" name="readPatientsTest" time="0.012"/>
  <testcase classname="com.hospitalmanagement.patient.dao.impl.PatientJSONDAOTest" name="createPatientTest" time="0.034"/>
  <testcase classname="com.hospitalmanagement.patient.dao.impl.PatientJSONDAOTest" name="deletePatient" time="0.012"/>
  <testcase classname="com.hospitalmanagement.patient.dao.impl.PatientJSONDAOTest" name="updatePatient" time="0.016"/>
</testsuite> <!-- com.hospitalmanagement.patient.dao.impl.PatientJSONDAOTest -->
