<?xml version="1.0" encoding="UTF-8"?>
<!-- Generated by org.testng.reporters.JUnitReportReporter -->
<testsuite hostname="DESKTOP-O5SVODT" failures="0" tests="4" name="com.hospitalmanagement.patient.dao.impl.PatientDAOTest" time="0.052" errors="0" timestamp="2019-08-28T17:30:26 IST" skipped="0">
  <testcase classname="com.hospitalmanagement.patient.dao.impl.PatientDAOTest" name="createPatientTest" time="0.026"/>
  <testcase classname="com.hospitalmanagement.patient.dao.impl.PatientDAOTest" name="deletePatient" time="0.009"/>
  <testcase classname="com.hospitalmanagement.patient.dao.impl.PatientDAOTest" name="readPatientsTest" time="0.006"/>
  <testcase classname="com.hospitalmanagement.patient.dao.impl.PatientDAOTest" name="updatePatient" time="0.011"/>
</testsuite> <!-- com.hospitalmanagement.patient.dao.impl.PatientDAOTest -->
