<?xml version="1.0" encoding="UTF-8"?>
<!-- Generated by org.testng.reporters.JUnitReportReporter -->
<testsuite skipped="0" hostname="rahul-linux" name="com.rahul.hpmgmt.services.impl.ExceptionTest" tests="1" failures="0" timestamp="2019-08-24T22:53:23 IST" time="0.026" errors="0">
  <testcase name="patientWithIdNotFoundExceptionTest" time="0.026" classname="com.rahul.hpmgmt.services.impl.ExceptionTest"/>
</testsuite> <!-- com.rahul.hpmgmt.services.impl.ExceptionTest -->
